{"/home/taylor/famProjects/kidsphotos/server/app.js": {"path":"/home/taylor/famProjects/kidsphotos/server/app.js","statementMap":{"0":{"start":{"line":10,"column":12},"end":{"line":10,"column":21}},"1":{"start":{"line":11,"column":0},"end":{"line":11,"column":24}},"2":{"start":{"line":14,"column":0},"end":{"line":14,"column":33}},"3":{"start":{"line":15,"column":0},"end":{"line":15,"column":39}},"4":{"start":{"line":16,"column":0},"end":{"line":16,"column":41}},"5":{"start":{"line":17,"column":0},"end":{"line":17,"column":38}},"6":{"start":{"line":20,"column":0},"end":{"line":20,"column":48}},"7":{"start":{"line":23,"column":0},"end":{"line":25,"column":3}},"8":{"start":{"line":24,"column":2},"end":{"line":24,"column":58}}},"fnMap":{"0":{"name":"(anonymous_0)","decl":{"start":{"line":23,"column":13},"end":{"line":23,"column":14}},"loc":{"start":{"line":23,"column":30},"end":{"line":25,"column":1}},"line":23}},"branchMap":{},"s":{"0":1,"1":1,"2":1,"3":1,"4":1,"5":1,"6":1,"7":1,"8":0},"f":{"0":0},"b":{},"_coverageSchema":"43e27e138ebf9cfc5966b082cf9a028302ed4184","hash":"3a29fe6cddcd3aa056a1672b7453a802c3878b97"}
,"/home/taylor/famProjects/kidsphotos/server/config.js": {"path":"/home/taylor/famProjects/kidsphotos/server/config.js","statementMap":{"0":{"start":{"line":2,"column":2},"end":{"line":2,"column":70}},"1":{"start":{"line":3,"column":24},"end":{"line":3,"column":73}},"2":{"start":{"line":4,"column":20},"end":{"line":4,"column":44}},"3":{"start":{"line":5,"column":34},"end":{"line":5,"column":41}},"4":{"start":{"line":6,"column":35},"end":{"line":6,"column":51}},"5":{"start":{"line":7,"column":39},"end":{"line":7,"column":51}}},"fnMap":{},"branchMap":{"0":{"loc":{"start":{"line":2,"column":2},"end":{"line":2,"column":70}},"type":"binary-expr","locations":[{"start":{"line":2,"column":2},"end":{"line":2,"column":25}},{"start":{"line":2,"column":29},"end":{"line":2,"column":70}}],"line":2},"1":{"loc":{"start":{"line":3,"column":24},"end":{"line":3,"column":73}},"type":"binary-expr","locations":[{"start":{"line":3,"column":24},"end":{"line":3,"column":45}},{"start":{"line":3,"column":49},"end":{"line":3,"column":73}}],"line":3},"2":{"loc":{"start":{"line":4,"column":20},"end":{"line":4,"column":44}},"type":"binary-expr","locations":[{"start":{"line":4,"column":20},"end":{"line":4,"column":36}},{"start":{"line":4,"column":40},"end":{"line":4,"column":44}}],"line":4}},"s":{"0":1,"1":1,"2":1,"3":1,"4":1,"5":1},"f":{},"b":{"0":[1,1],"1":[1,1],"2":[1,1]},"_coverageSchema":"43e27e138ebf9cfc5966b082cf9a028302ed4184","hash":"56f65e5c5971d4787b1a8f09d467b674cccdd3af"}
,"/home/taylor/famProjects/kidsphotos/server/auth/auth.controller.js": {"path":"/home/taylor/famProjects/kidsphotos/server/auth/auth.controller.js","statementMap":{"0":{"start":{"line":6,"column":15},"end":{"line":6,"column":23}},"1":{"start":{"line":16,"column":0},"end":{"line":35,"column":3}},"2":{"start":{"line":17,"column":33},"end":{"line":17,"column":45}},"3":{"start":{"line":18,"column":2},"end":{"line":34,"column":3}},"4":{"start":{"line":19,"column":17},"end":{"line":19,"column":49}},"5":{"start":{"line":20,"column":4},"end":{"line":29,"column":5}},"6":{"start":{"line":21,"column":44},"end":{"line":21,"column":63}},"7":{"start":{"line":23,"column":6},"end":{"line":28,"column":9}},"8":{"start":{"line":31,"column":4},"end":{"line":31,"column":68}},"9":{"start":{"line":33,"column":4},"end":{"line":33,"column":44}},"10":{"start":{"line":43,"column":0},"end":{"line":50,"column":3}},"11":{"start":{"line":44,"column":20},"end":{"line":44,"column":35}},"12":{"start":{"line":45,"column":2},"end":{"line":45,"column":49}},"13":{"start":{"line":46,"column":2},"end":{"line":49,"column":38}},"14":{"start":{"line":59,"column":0},"end":{"line":73,"column":3}},"15":{"start":{"line":60,"column":23},"end":{"line":60,"column":30}},"16":{"start":{"line":61,"column":26},"end":{"line":61,"column":47}},"17":{"start":{"line":62,"column":2},"end":{"line":72,"column":3}},"18":{"start":{"line":63,"column":42},"end":{"line":63,"column":78}},"19":{"start":{"line":64,"column":4},"end":{"line":69,"column":7}},"20":{"start":{"line":71,"column":4},"end":{"line":71,"column":68}}},"fnMap":{"0":{"name":"(anonymous_0)","decl":{"start":{"line":16,"column":36},"end":{"line":16,"column":37}},"loc":{"start":{"line":16,"column":65},"end":{"line":35,"column":1}},"line":16},"1":{"name":"(anonymous_1)","decl":{"start":{"line":43,"column":38},"end":{"line":43,"column":39}},"loc":{"start":{"line":43,"column":67},"end":{"line":50,"column":1}},"line":43},"2":{"name":"(anonymous_2)","decl":{"start":{"line":59,"column":44},"end":{"line":59,"column":45}},"loc":{"start":{"line":59,"column":67},"end":{"line":73,"column":1}},"line":59}},"branchMap":{"0":{"loc":{"start":{"line":20,"column":4},"end":{"line":29,"column":5}},"type":"if","locations":[{"start":{"line":20,"column":4},"end":{"line":29,"column":5}},{"start":{"line":20,"column":4},"end":{"line":29,"column":5}}],"line":20}},"s":{"0":1,"1":1,"2":0,"3":0,"4":0,"5":0,"6":0,"7":0,"8":0,"9":0,"10":1,"11":0,"12":0,"13":0,"14":1,"15":0,"16":0,"17":0,"18":0,"19":0,"20":0},"f":{"0":0,"1":0,"2":0},"b":{"0":[0,0]},"_coverageSchema":"43e27e138ebf9cfc5966b082cf9a028302ed4184","hash":"6b7782f4807a1fc0598286bc0276ab934c28d95f"}
,"/home/taylor/famProjects/kidsphotos/server/auth/auth.helpers.js": {"path":"/home/taylor/famProjects/kidsphotos/server/auth/auth.helpers.js","statementMap":{"0":{"start":{"line":10,"column":15},"end":{"line":10,"column":62}},"1":{"start":{"line":11,"column":14},"end":{"line":11,"column":60}},"2":{"start":{"line":23,"column":34},"end":{"line":28,"column":1}},"3":{"start":{"line":24,"column":22},"end":{"line":24,"column":41}},"4":{"start":{"line":25,"column":2},"end":{"line":25,"column":38}},"5":{"start":{"line":25,"column":25},"end":{"line":25,"column":38}},"6":{"start":{"line":27,"column":2},"end":{"line":27,"column":59}},"7":{"start":{"line":39,"column":33},"end":{"line":40,"column":43}},"8":{"start":{"line":40,"column":2},"end":{"line":40,"column":43}},"9":{"start":{"line":49,"column":30},"end":{"line":51,"column":1}},"10":{"start":{"line":50,"column":2},"end":{"line":50,"column":32}},"11":{"start":{"line":64,"column":31},"end":{"line":76,"column":1}},"12":{"start":{"line":65,"column":2},"end":{"line":71,"column":3}},"13":{"start":{"line":66,"column":25},"end":{"line":66,"column":60}},"14":{"start":{"line":68,"column":4},"end":{"line":68,"column":68}},"15":{"start":{"line":68,"column":45},"end":{"line":68,"column":68}},"16":{"start":{"line":70,"column":4},"end":{"line":70,"column":61}},"17":{"start":{"line":73,"column":2},"end":{"line":75,"column":5}},"18":{"start":{"line":84,"column":30},"end":{"line":87,"column":4}},"19":{"start":{"line":85,"column":2},"end":{"line":87,"column":4}},"20":{"start":{"line":97,"column":25},"end":{"line":100,"column":2}},"21":{"start":{"line":97,"column":57},"end":{"line":100,"column":1}},"22":{"start":{"line":111,"column":34},"end":{"line":119,"column":1}},"23":{"start":{"line":112,"column":2},"end":{"line":118,"column":27}}},"fnMap":{"0":{"name":"(anonymous_0)","decl":{"start":{"line":23,"column":34},"end":{"line":23,"column":35}},"loc":{"start":{"line":23,"column":51},"end":{"line":28,"column":1}},"line":23},"1":{"name":"(anonymous_1)","decl":{"start":{"line":39,"column":33},"end":{"line":39,"column":34}},"loc":{"start":{"line":40,"column":2},"end":{"line":40,"column":43}},"line":40},"2":{"name":"(anonymous_2)","decl":{"start":{"line":49,"column":30},"end":{"line":49,"column":31}},"loc":{"start":{"line":49,"column":52},"end":{"line":51,"column":1}},"line":49},"3":{"name":"(anonymous_3)","decl":{"start":{"line":64,"column":31},"end":{"line":64,"column":32}},"loc":{"start":{"line":64,"column":62},"end":{"line":76,"column":1}},"line":64},"4":{"name":"(anonymous_4)","decl":{"start":{"line":84,"column":30},"end":{"line":84,"column":31}},"loc":{"start":{"line":85,"column":2},"end":{"line":87,"column":4}},"line":85},"5":{"name":"(anonymous_5)","decl":{"start":{"line":97,"column":25},"end":{"line":97,"column":26}},"loc":{"start":{"line":97,"column":57},"end":{"line":100,"column":1}},"line":97},"6":{"name":"(anonymous_6)","decl":{"start":{"line":111,"column":34},"end":{"line":111,"column":35}},"loc":{"start":{"line":111,"column":79},"end":{"line":119,"column":1}},"line":111}},"branchMap":{"0":{"loc":{"start":{"line":25,"column":2},"end":{"line":25,"column":38}},"type":"if","locations":[{"start":{"line":25,"column":2},"end":{"line":25,"column":38}},{"start":{"line":25,"column":2},"end":{"line":25,"column":38}}],"line":25},"1":{"loc":{"start":{"line":65,"column":2},"end":{"line":71,"column":3}},"type":"if","locations":[{"start":{"line":65,"column":2},"end":{"line":71,"column":3}},{"start":{"line":65,"column":2},"end":{"line":71,"column":3}}],"line":65},"2":{"loc":{"start":{"line":68,"column":4},"end":{"line":68,"column":68}},"type":"if","locations":[{"start":{"line":68,"column":4},"end":{"line":68,"column":68}},{"start":{"line":68,"column":4},"end":{"line":68,"column":68}}],"line":68}},"s":{"0":1,"1":1,"2":1,"3":0,"4":0,"5":0,"6":0,"7":1,"8":0,"9":1,"10":0,"11":1,"12":0,"13":0,"14":0,"15":0,"16":0,"17":0,"18":1,"19":0,"20":1,"21":0,"22":1,"23":0},"f":{"0":0,"1":0,"2":0,"3":0,"4":0,"5":0,"6":0},"b":{"0":[0,0],"1":[0,0],"2":[0,0]},"_coverageSchema":"43e27e138ebf9cfc5966b082cf9a028302ed4184","hash":"76260ac4086422345167ec6d1a3cfe9fe6f5b645"}
,"/home/taylor/famProjects/kidsphotos/server/auth/auth.js": {"path":"/home/taylor/famProjects/kidsphotos/server/auth/auth.js","statementMap":{"0":{"start":{"line":18,"column":23},"end":{"line":18,"column":44}},"1":{"start":{"line":19,"column":22},"end":{"line":19,"column":65}},"2":{"start":{"line":21,"column":2},"end":{"line":22,"column":72}},"3":{"start":{"line":22,"column":4},"end":{"line":22,"column":72}},"4":{"start":{"line":24,"column":2},"end":{"line":47,"column":3}},"5":{"start":{"line":25,"column":25},"end":{"line":25,"column":55}},"6":{"start":{"line":26,"column":4},"end":{"line":26,"column":32}},"7":{"start":{"line":27,"column":4},"end":{"line":27,"column":11}},"8":{"start":{"line":29,"column":4},"end":{"line":44,"column":5}},"9":{"start":{"line":31,"column":6},"end":{"line":43,"column":7}},"10":{"start":{"line":32,"column":29},"end":{"line":32,"column":67}},"11":{"start":{"line":33,"column":23},"end":{"line":33,"column":56}},"12":{"start":{"line":35,"column":8},"end":{"line":40,"column":11}},"13":{"start":{"line":42,"column":8},"end":{"line":42,"column":80}},"14":{"start":{"line":46,"column":4},"end":{"line":46,"column":68}}},"fnMap":{"0":{"name":"(anonymous_0)","decl":{"start":{"line":17,"column":15},"end":{"line":17,"column":16}},"loc":{"start":{"line":17,"column":50},"end":{"line":48,"column":1}},"line":17}},"branchMap":{"0":{"loc":{"start":{"line":21,"column":2},"end":{"line":22,"column":72}},"type":"if","locations":[{"start":{"line":21,"column":2},"end":{"line":22,"column":72}},{"start":{"line":21,"column":2},"end":{"line":22,"column":72}}],"line":21},"1":{"loc":{"start":{"line":21,"column":6},"end":{"line":21,"column":35}},"type":"binary-expr","locations":[{"start":{"line":21,"column":6},"end":{"line":21,"column":18}},{"start":{"line":21,"column":22},"end":{"line":21,"column":35}}],"line":21},"2":{"loc":{"start":{"line":29,"column":4},"end":{"line":44,"column":5}},"type":"if","locations":[{"start":{"line":29,"column":4},"end":{"line":44,"column":5}},{"start":{"line":29,"column":4},"end":{"line":44,"column":5}}],"line":29}},"s":{"0":1,"1":1,"2":0,"3":0,"4":0,"5":0,"6":0,"7":0,"8":0,"9":0,"10":0,"11":0,"12":0,"13":0,"14":0},"f":{"0":1},"b":{"0":[0,0],"1":[0,0],"2":[0,0]},"_coverageSchema":"43e27e138ebf9cfc5966b082cf9a028302ed4184","hash":"8cce2164538790a5e487b65303de0dc7b29b19ea"}
,"/home/taylor/famProjects/kidsphotos/server/aws/s3_signature.js": {"path":"/home/taylor/famProjects/kidsphotos/server/aws/s3_signature.js","statementMap":{"0":{"start":{"line":5,"column":15},"end":{"line":5,"column":23}},"1":{"start":{"line":14,"column":0},"end":{"line":38,"column":3}},"2":{"start":{"line":15,"column":13},"end":{"line":18,"column":4}},"3":{"start":{"line":20,"column":19},"end":{"line":20,"column":28}},"4":{"start":{"line":22,"column":2},"end":{"line":37,"column":3}},"5":{"start":{"line":23,"column":17},"end":{"line":29,"column":6}},"6":{"start":{"line":31,"column":4},"end":{"line":34,"column":7}},"7":{"start":{"line":36,"column":4},"end":{"line":36,"column":39}}},"fnMap":{"0":{"name":"(anonymous_0)","decl":{"start":{"line":14,"column":32},"end":{"line":14,"column":33}},"loc":{"start":{"line":14,"column":52},"end":{"line":38,"column":1}},"line":14}},"branchMap":{},"s":{"0":1,"1":1,"2":0,"3":0,"4":0,"5":0,"6":0,"7":0},"f":{"0":0},"b":{},"_coverageSchema":"43e27e138ebf9cfc5966b082cf9a028302ed4184","hash":"6894c98a655a06eb0b15761f73cf348a89fd1f77"}
,"/home/taylor/famProjects/kidsphotos/server/photos/photo.model.js": {"path":"/home/taylor/famProjects/kidsphotos/server/photos/photo.model.js","statementMap":{"0":{"start":{"line":3,"column":23},"end":{"line":13,"column":1}},"1":{"start":{"line":15,"column":20},"end":{"line":15,"column":46}}},"fnMap":{},"branchMap":{},"s":{"0":1,"1":1},"f":{},"b":{},"_coverageSchema":"43e27e138ebf9cfc5966b082cf9a028302ed4184","hash":"2c447e7c1c62230018029338d8a5a73d3f9eaca4"}
,"/home/taylor/famProjects/kidsphotos/server/photos/photos.controller.js": {"path":"/home/taylor/famProjects/kidsphotos/server/photos/photos.controller.js","statementMap":{"0":{"start":{"line":5,"column":15},"end":{"line":5,"column":23}},"1":{"start":{"line":15,"column":0},"end":{"line":26,"column":3}},"2":{"start":{"line":16,"column":2},"end":{"line":25,"column":3}},"3":{"start":{"line":17,"column":18},"end":{"line":20,"column":6}},"4":{"start":{"line":21,"column":4},"end":{"line":21,"column":23}},"5":{"start":{"line":22,"column":4},"end":{"line":22,"column":55}},"6":{"start":{"line":24,"column":4},"end":{"line":24,"column":44}},"7":{"start":{"line":33,"column":0},"end":{"line":36,"column":3}},"8":{"start":{"line":34,"column":17},"end":{"line":34,"column":35}},"9":{"start":{"line":35,"column":2},"end":{"line":35,"column":43}}},"fnMap":{"0":{"name":"(anonymous_0)","decl":{"start":{"line":15,"column":41},"end":{"line":15,"column":42}},"loc":{"start":{"line":15,"column":70},"end":{"line":26,"column":1}},"line":15},"1":{"name":"(anonymous_1)","decl":{"start":{"line":33,"column":22},"end":{"line":33,"column":23}},"loc":{"start":{"line":33,"column":45},"end":{"line":36,"column":1}},"line":33}},"branchMap":{},"s":{"0":1,"1":1,"2":0,"3":0,"4":0,"5":0,"6":0,"7":1,"8":0,"9":0},"f":{"0":0,"1":0},"b":{},"_coverageSchema":"43e27e138ebf9cfc5966b082cf9a028302ed4184","hash":"503395cee6b408480415f46630cf52baea8ce8ba"}
,"/home/taylor/famProjects/kidsphotos/server/redis/redis.js": {"path":"/home/taylor/famProjects/kidsphotos/server/redis/redis.js","statementMap":{"0":{"start":{"line":4,"column":20},"end":{"line":4,"column":48}},"1":{"start":{"line":6,"column":0},"end":{"line":8,"column":3}},"2":{"start":{"line":7,"column":2},"end":{"line":7,"column":55}},"3":{"start":{"line":10,"column":0},"end":{"line":12,"column":3}},"4":{"start":{"line":11,"column":2},"end":{"line":11,"column":44}}},"fnMap":{"0":{"name":"(anonymous_0)","decl":{"start":{"line":6,"column":26},"end":{"line":6,"column":27}},"loc":{"start":{"line":6,"column":32},"end":{"line":8,"column":1}},"line":6},"1":{"name":"(anonymous_1)","decl":{"start":{"line":10,"column":24},"end":{"line":10,"column":25}},"loc":{"start":{"line":10,"column":35},"end":{"line":12,"column":1}},"line":10}},"branchMap":{},"s":{"0":1,"1":1,"2":1,"3":1,"4":0},"f":{"0":1,"1":0},"b":{},"_coverageSchema":"43e27e138ebf9cfc5966b082cf9a028302ed4184","hash":"254d9915c1d424543982d05e8d54a1293b67e5f4"}
,"/home/taylor/famProjects/kidsphotos/server/users/user.model.js": {"path":"/home/taylor/famProjects/kidsphotos/server/users/user.model.js","statementMap":{"0":{"start":{"line":4,"column":19},"end":{"line":4,"column":21}},"1":{"start":{"line":6,"column":22},"end":{"line":16,"column":1}},"2":{"start":{"line":18,"column":19},"end":{"line":18,"column":44}},"3":{"start":{"line":21,"column":0},"end":{"line":32,"column":3}},"4":{"start":{"line":22,"column":2},"end":{"line":31,"column":3}},"5":{"start":{"line":23,"column":4},"end":{"line":28,"column":5}},"6":{"start":{"line":24,"column":6},"end":{"line":24,"column":67}},"7":{"start":{"line":25,"column":6},"end":{"line":25,"column":13}},"8":{"start":{"line":27,"column":6},"end":{"line":27,"column":16}},"9":{"start":{"line":30,"column":4},"end":{"line":30,"column":11}},"10":{"start":{"line":34,"column":0},"end":{"line":36,"column":2}},"11":{"start":{"line":35,"column":2},"end":{"line":35,"column":49}}},"fnMap":{"0":{"name":"(anonymous_0)","decl":{"start":{"line":21,"column":23},"end":{"line":21,"column":24}},"loc":{"start":{"line":21,"column":45},"end":{"line":32,"column":1}},"line":21},"1":{"name":"(anonymous_1)","decl":{"start":{"line":34,"column":39},"end":{"line":34,"column":40}},"loc":{"start":{"line":34,"column":65},"end":{"line":36,"column":1}},"line":34}},"branchMap":{"0":{"loc":{"start":{"line":22,"column":2},"end":{"line":31,"column":3}},"type":"if","locations":[{"start":{"line":22,"column":2},"end":{"line":31,"column":3}},{"start":{"line":22,"column":2},"end":{"line":31,"column":3}}],"line":22},"1":{"loc":{"start":{"line":22,"column":6},"end":{"line":22,"column":47}},"type":"binary-expr","locations":[{"start":{"line":22,"column":6},"end":{"line":22,"column":16}},{"start":{"line":22,"column":20},"end":{"line":22,"column":47}}],"line":22}},"s":{"0":2,"1":2,"2":2,"3":2,"4":1,"5":1,"6":1,"7":1,"8":0,"9":0,"10":2,"11":0},"f":{"0":1,"1":0},"b":{"0":[1,0],"1":[1,0]},"_coverageSchema":"43e27e138ebf9cfc5966b082cf9a028302ed4184","hash":"baebf94f19800eea75901af24aa0d4300b6a33cc"}
,"/home/taylor/famProjects/kidsphotos/server/users/users.controller.js": {"path":"/home/taylor/famProjects/kidsphotos/server/users/users.controller.js","statementMap":{"0":{"start":{"line":5,"column":15},"end":{"line":5,"column":23}},"1":{"start":{"line":12,"column":0},"end":{"line":15,"column":3}},"2":{"start":{"line":13,"column":16},"end":{"line":13,"column":64}},"3":{"start":{"line":13,"column":50},"end":{"line":13,"column":63}},"4":{"start":{"line":14,"column":2},"end":{"line":14,"column":42}}},"fnMap":{"0":{"name":"(anonymous_0)","decl":{"start":{"line":12,"column":32},"end":{"line":12,"column":33}},"loc":{"start":{"line":12,"column":55},"end":{"line":15,"column":1}},"line":12},"1":{"name":"(anonymous_1)","decl":{"start":{"line":13,"column":40},"end":{"line":13,"column":41}},"loc":{"start":{"line":13,"column":50},"end":{"line":13,"column":63}},"line":13}},"branchMap":{},"s":{"0":1,"1":1,"2":0,"3":0,"4":0},"f":{"0":0,"1":0},"b":{},"_coverageSchema":"43e27e138ebf9cfc5966b082cf9a028302ed4184","hash":"74ad468be08a5315fc0215bf2ee2a61d21a9dc19"}
}
