TN:
SF:/home/taylor/famProjects/kidsphotos/server/app.js
FN:23,(anonymous_0)
FNF:1
FNH:0
FNDA:0,(anonymous_0)
DA:10,1
DA:11,1
DA:14,1
DA:15,1
DA:16,1
DA:17,1
DA:20,1
DA:23,1
DA:24,0
LF:9
LH:8
BRF:0
BRH:0
end_of_record
TN:
SF:/home/taylor/famProjects/kidsphotos/server/config.js
FNF:0
FNH:0
DA:2,1
DA:3,1
DA:4,1
DA:5,1
DA:6,1
DA:7,1
LF:6
LH:6
BRDA:2,0,0,1
BRDA:2,0,1,1
BRDA:3,1,0,1
BRDA:3,1,1,1
BRDA:4,2,0,1
BRDA:4,2,1,1
BRF:6
BRH:6
end_of_record
TN:
SF:/home/taylor/famProjects/kidsphotos/server/auth/auth.controller.js
FN:16,(anonymous_0)
FN:43,(anonymous_1)
FN:59,(anonymous_2)
FNF:3
FNH:0
FNDA:0,(anonymous_0)
FNDA:0,(anonymous_1)
FNDA:0,(anonymous_2)
DA:6,1
DA:16,1
DA:17,0
DA:18,0
DA:19,0
DA:20,0
DA:21,0
DA:23,0
DA:31,0
DA:33,0
DA:43,1
DA:44,0
DA:45,0
DA:46,0
DA:59,1
DA:60,0
DA:61,0
DA:62,0
DA:63,0
DA:64,0
DA:71,0
LF:21
LH:4
BRDA:20,0,0,0
BRDA:20,0,1,0
BRF:2
BRH:0
end_of_record
TN:
SF:/home/taylor/famProjects/kidsphotos/server/auth/auth.helpers.js
FN:23,(anonymous_0)
FN:39,(anonymous_1)
FN:49,(anonymous_2)
FN:64,(anonymous_3)
FN:84,(anonymous_4)
FN:97,(anonymous_5)
FN:111,(anonymous_6)
FNF:7
FNH:0
FNDA:0,(anonymous_0)
FNDA:0,(anonymous_1)
FNDA:0,(anonymous_2)
FNDA:0,(anonymous_3)
FNDA:0,(anonymous_4)
FNDA:0,(anonymous_5)
FNDA:0,(anonymous_6)
DA:10,1
DA:11,1
DA:23,1
DA:24,0
DA:25,0
DA:27,0
DA:39,1
DA:40,0
DA:49,1
DA:50,0
DA:64,1
DA:65,0
DA:66,0
DA:68,0
DA:70,0
DA:73,0
DA:84,1
DA:85,0
DA:97,1
DA:111,1
DA:112,0
LF:21
LH:9
BRDA:25,0,0,0
BRDA:25,0,1,0
BRDA:65,1,0,0
BRDA:65,1,1,0
BRDA:68,2,0,0
BRDA:68,2,1,0
BRF:6
BRH:0
end_of_record
TN:
SF:/home/taylor/famProjects/kidsphotos/server/auth/auth.js
FN:17,(anonymous_0)
FNF:1
FNH:1
FNDA:1,(anonymous_0)
DA:18,1
DA:19,1
DA:21,0
DA:22,0
DA:24,0
DA:25,0
DA:26,0
DA:27,0
DA:29,0
DA:31,0
DA:32,0
DA:33,0
DA:35,0
DA:42,0
DA:46,0
LF:15
LH:2
BRDA:21,0,0,0
BRDA:21,0,1,0
BRDA:21,1,0,0
BRDA:21,1,1,0
BRDA:29,2,0,0
BRDA:29,2,1,0
BRF:6
BRH:0
end_of_record
TN:
SF:/home/taylor/famProjects/kidsphotos/server/aws/s3_signature.js
FN:14,(anonymous_0)
FNF:1
FNH:0
FNDA:0,(anonymous_0)
DA:5,1
DA:14,1
DA:15,0
DA:20,0
DA:22,0
DA:23,0
DA:31,0
DA:36,0
LF:8
LH:2
BRF:0
BRH:0
end_of_record
TN:
SF:/home/taylor/famProjects/kidsphotos/server/photos/photo.model.js
FNF:0
FNH:0
DA:3,1
DA:15,1
LF:2
LH:2
BRF:0
BRH:0
end_of_record
TN:
SF:/home/taylor/famProjects/kidsphotos/server/photos/photos.controller.js
FN:15,(anonymous_0)
FN:33,(anonymous_1)
FNF:2
FNH:0
FNDA:0,(anonymous_0)
FNDA:0,(anonymous_1)
DA:5,1
DA:15,1
DA:16,0
DA:17,0
DA:21,0
DA:22,0
DA:24,0
DA:33,1
DA:34,0
DA:35,0
LF:10
LH:3
BRF:0
BRH:0
end_of_record
TN:
SF:/home/taylor/famProjects/kidsphotos/server/redis/redis.js
FN:6,(anonymous_0)
FN:10,(anonymous_1)
FNF:2
FNH:1
FNDA:1,(anonymous_0)
FNDA:0,(anonymous_1)
DA:4,1
DA:6,1
DA:7,1
DA:10,1
DA:11,0
LF:5
LH:4
BRF:0
BRH:0
end_of_record
TN:
SF:/home/taylor/famProjects/kidsphotos/server/users/user.model.js
FN:21,(anonymous_0)
FN:34,(anonymous_1)
FNF:2
FNH:1
FNDA:1,(anonymous_0)
FNDA:0,(anonymous_1)
DA:4,2
DA:6,2
DA:18,2
DA:21,2
DA:22,1
DA:23,1
DA:24,1
DA:25,1
DA:27,0
DA:30,0
DA:34,2
DA:35,0
LF:12
LH:9
BRDA:22,0,0,1
BRDA:22,0,1,0
BRDA:22,1,0,1
BRDA:22,1,1,0
BRF:4
BRH:2
end_of_record
TN:
SF:/home/taylor/famProjects/kidsphotos/server/users/users.controller.js
FN:12,(anonymous_0)
FN:13,(anonymous_1)
FNF:2
FNH:0
FNDA:0,(anonymous_0)
FNDA:0,(anonymous_1)
DA:5,1
DA:12,1
DA:13,0
DA:14,0
LF:4
LH:2
BRF:0
BRH:0
end_of_record
